Classic Timing Analyzer report for CPU
Sun Aug 02 21:45:03 2020
Quartus II Version 9.0 Build 132 02/25/2009 SJ Web Edition


---------------------
; Table of Contents ;
---------------------
  1. Legal Notice
  2. Timing Analyzer Summary
  3. Timing Analyzer Settings
  4. Parallel Compilation
  5. tpd
  6. Timing Analyzer Messages



----------------
; Legal Notice ;
----------------
Copyright (C) 1991-2009 Altera Corporation
Your use of Altera Corporation's design tools, logic functions 
and other software and tools, and its AMPP partner logic 
functions, and any output files from any of the foregoing 
(including device programming or simulation files), and any 
associated documentation or information are expressly subject 
to the terms and conditions of the Altera Program License 
Subscription Agreement, Altera MegaCore Function License 
Agreement, or other applicable license agreement, including, 
without limitation, that your use is for the sole purpose of 
programming logic devices manufactured by Altera and sold by 
Altera or its authorized distributors.  Please refer to the 
applicable agreement for further details.



+------------------------------------------------------------------------------------------------------------------------------------+
; Timing Analyzer Summary                                                                                                            ;
+------------------------------+-------+---------------+-------------+----------+-------------+------------+----------+--------------+
; Type                         ; Slack ; Required Time ; Actual Time ; From     ; To          ; From Clock ; To Clock ; Failed Paths ;
+------------------------------+-------+---------------+-------------+----------+-------------+------------+----------+--------------+
; Worst-case tpd               ; N/A   ; None          ; 13.839 ns   ; 2_new[1] ; result1[26] ; --         ; --       ; 0            ;
; Total number of failed paths ;       ;               ;             ;          ;             ;            ;          ; 0            ;
+------------------------------+-------+---------------+-------------+----------+-------------+------------+----------+--------------+


+--------------------------------------------------------------------------------------------------------------------+
; Timing Analyzer Settings                                                                                           ;
+---------------------------------------------------------------------+--------------------+------+----+-------------+
; Option                                                              ; Setting            ; From ; To ; Entity Name ;
+---------------------------------------------------------------------+--------------------+------+----+-------------+
; Device Name                                                         ; EP2S15F484C3       ;      ;    ;             ;
; Timing Models                                                       ; Final              ;      ;    ;             ;
; Default hold multicycle                                             ; Same as Multicycle ;      ;    ;             ;
; Cut paths between unrelated clock domains                           ; On                 ;      ;    ;             ;
; Cut off read during write signal paths                              ; On                 ;      ;    ;             ;
; Cut off feedback from I/O pins                                      ; On                 ;      ;    ;             ;
; Report Combined Fast/Slow Timing                                    ; Off                ;      ;    ;             ;
; Ignore Clock Settings                                               ; Off                ;      ;    ;             ;
; Analyze latches as synchronous elements                             ; On                 ;      ;    ;             ;
; Enable Recovery/Removal analysis                                    ; Off                ;      ;    ;             ;
; Enable Clock Latency                                                ; Off                ;      ;    ;             ;
; Use TimeQuest Timing Analyzer                                       ; Off                ;      ;    ;             ;
; Number of source nodes to report per destination node               ; 10                 ;      ;    ;             ;
; Number of destination nodes to report                               ; 10                 ;      ;    ;             ;
; Number of paths to report                                           ; 200                ;      ;    ;             ;
; Report Minimum Timing Checks                                        ; Off                ;      ;    ;             ;
; Use Fast Timing Models                                              ; Off                ;      ;    ;             ;
; Report IO Paths Separately                                          ; Off                ;      ;    ;             ;
; Perform Multicorner Analysis                                        ; On                 ;      ;    ;             ;
; Reports the worst-case path for each clock domain and analysis      ; Off                ;      ;    ;             ;
; Removes common clock path pessimism (CCPP) during slack computation ; Off                ;      ;    ;             ;
; Output I/O Timing Endpoint                                          ; Near End           ;      ;    ;             ;
+---------------------------------------------------------------------+--------------------+------+----+-------------+


Parallel compilation was disabled, but you have multiple processors available. Enable parallel compilation to reduce compilation time.
+-------------------------------------+
; Parallel Compilation                ;
+----------------------------+--------+
; Processors                 ; Number ;
+----------------------------+--------+
; Number detected on machine ; 6      ;
; Maximum allowed            ; 1      ;
+----------------------------+--------+


+------------------------------------------------------------------------------------------------------------------------------------------+
; tpd                                                                                                                                      ;
+-----------------------------------------+-----------------------------------------------------+-----------------+----------+-------------+
; Slack                                   ; Required P2P Time                                   ; Actual P2P Time ; From     ; To          ;
+-----------------------------------------+-----------------------------------------------------+-----------------+----------+-------------+
; N/A                                     ; None                                                ; 13.839 ns       ; 2_new[1] ; result1[26] ;
; N/A                                     ; None                                                ; 13.828 ns       ; 2_new[1] ; result2[15] ;
; N/A                                     ; None                                                ; 13.806 ns       ; 1_old[0] ; result1[26] ;
; N/A                                     ; None                                                ; 13.783 ns       ; 2_new[1] ; result1[22] ;
; N/A                                     ; None                                                ; 13.750 ns       ; 1_old[0] ; result1[22] ;
; N/A                                     ; None                                                ; 13.681 ns       ; 1_old[1] ; result1[26] ;
; N/A                                     ; None                                                ; 13.602 ns       ; 2_new[1] ; result2[13] ;
; N/A                                     ; None                                                ; 13.598 ns       ; 2_new[1] ; result2[19] ;
; N/A                                     ; None                                                ; 13.568 ns       ; 1_old[1] ; result1[22] ;
; N/A                                     ; None                                                ; 13.565 ns       ; 2_new[1] ; result1[23] ;
; N/A                                     ; None                                                ; 13.538 ns       ; 2_new[1] ; result1[24] ;
; N/A                                     ; None                                                ; 13.532 ns       ; 1_old[0] ; result1[23] ;
; N/A                                     ; None                                                ; 13.526 ns       ; 2_new[1] ; result1[25] ;
; N/A                                     ; None                                                ; 13.505 ns       ; 1_old[0] ; result1[24] ;
; N/A                                     ; None                                                ; 13.500 ns       ; 2_new[1] ; result2[20] ;
; N/A                                     ; None                                                ; 13.493 ns       ; 1_old[0] ; result1[25] ;
; N/A                                     ; None                                                ; 13.484 ns       ; 2_new[1] ; result1[18] ;
; N/A                                     ; None                                                ; 13.478 ns       ; 2_new[1] ; result2[21] ;
; N/A                                     ; None                                                ; 13.451 ns       ; 1_old[0] ; result1[18] ;
; N/A                                     ; None                                                ; 13.440 ns       ; 2_new[0] ; result1[26] ;
; N/A                                     ; None                                                ; 13.397 ns       ; 1_old[2] ; result1[26] ;
; N/A                                     ; None                                                ; 13.384 ns       ; 2_new[0] ; result1[22] ;
; N/A                                     ; None                                                ; 13.370 ns       ; 1_old[1] ; result1[25] ;
; N/A                                     ; None                                                ; 13.350 ns       ; 1_old[1] ; result1[23] ;
; N/A                                     ; None                                                ; 13.341 ns       ; 1_old[2] ; result1[22] ;
; N/A                                     ; None                                                ; 13.323 ns       ; 1_old[1] ; result1[24] ;
; N/A                                     ; None                                                ; 13.307 ns       ; 2_new[1] ; result1[21] ;
; N/A                                     ; None                                                ; 13.274 ns       ; 2_new[1] ; result2[27] ;
; N/A                                     ; None                                                ; 13.274 ns       ; 1_old[0] ; result1[21] ;
; N/A                                     ; None                                                ; 13.269 ns       ; 1_old[1] ; result1[18] ;
; N/A                                     ; None                                                ; 13.223 ns       ; 2_new[1] ; result2[4]  ;
; N/A                                     ; None                                                ; 13.202 ns       ; 1_new[1] ; result1[26] ;
; N/A                                     ; None                                                ; 13.166 ns       ; 2_new[0] ; result1[23] ;
; N/A                                     ; None                                                ; 13.164 ns       ; 2_new[1] ; result1[19] ;
; N/A                                     ; None                                                ; 13.139 ns       ; 2_new[0] ; result1[24] ;
; N/A                                     ; None                                                ; 13.131 ns       ; 1_old[0] ; result1[19] ;
; N/A                                     ; None                                                ; 13.128 ns       ; 2_new[0] ; result2[15] ;
; N/A                                     ; None                                                ; 13.127 ns       ; 2_new[0] ; result1[25] ;
; N/A                                     ; None                                                ; 13.126 ns       ; 2_new[1] ; result2[29] ;
; N/A                                     ; None                                                ; 13.123 ns       ; 1_old[2] ; result1[23] ;
; N/A                                     ; None                                                ; 13.122 ns       ; 1_old[0] ; result1[29] ;
; N/A                                     ; None                                                ; 13.096 ns       ; 1_old[2] ; result1[24] ;
; N/A                                     ; None                                                ; 13.092 ns       ; 1_old[1] ; result1[21] ;
; N/A                                     ; None                                                ; 13.085 ns       ; 2_new[0] ; result1[18] ;
; N/A                                     ; None                                                ; 13.084 ns       ; 1_old[2] ; result1[25] ;
; N/A                                     ; None                                                ; 13.063 ns       ; 1_old[1] ; result1[29] ;
; N/A                                     ; None                                                ; 13.061 ns       ; 2_new[1] ; result2[31] ;
; N/A                                     ; None                                                ; 13.042 ns       ; 1_old[2] ; result1[18] ;
; N/A                                     ; None                                                ; 12.986 ns       ; 1_new[4] ; result1[26] ;
; N/A                                     ; None                                                ; 12.979 ns       ; 2_new[1] ; result1[29] ;
; N/A                                     ; None                                                ; 12.950 ns       ; 2_new[1] ; result1[28] ;
; N/A                                     ; None                                                ; 12.949 ns       ; 1_old[1] ; result1[19] ;
; N/A                                     ; None                                                ; 12.935 ns       ; 2_old[2] ; result2[15] ;
; N/A                                     ; None                                                ; 12.917 ns       ; 1_old[0] ; result1[28] ;
; N/A                                     ; None                                                ; 12.908 ns       ; 2_new[0] ; result1[21] ;
; N/A                                     ; None                                                ; 12.902 ns       ; 2_new[0] ; result2[13] ;
; N/A                                     ; None                                                ; 12.898 ns       ; 2_new[0] ; result2[19] ;
; N/A                                     ; None                                                ; 12.891 ns       ; 1_new[1] ; result2[19] ;
; N/A                                     ; None                                                ; 12.891 ns       ; 1_new[1] ; result1[25] ;
; N/A                                     ; None                                                ; 12.865 ns       ; 1_old[2] ; result1[21] ;
; N/A                                     ; None                                                ; 12.865 ns       ; 1_old[4] ; result1[26] ;
; N/A                                     ; None                                                ; 12.834 ns       ; 2_old[4] ; result2[15] ;
; N/A                                     ; None                                                ; 12.809 ns       ; 1_old[4] ; result1[22] ;
; N/A                                     ; None                                                ; 12.807 ns       ; 2_old[1] ; result2[15] ;
; N/A                                     ; None                                                ; 12.806 ns       ; 1_old[3] ; result1[26] ;
; N/A                                     ; None                                                ; 12.800 ns       ; 2_new[0] ; result2[20] ;
; N/A                                     ; None                                                ; 12.796 ns       ; 1_new[1] ; result2[29] ;
; N/A                                     ; None                                                ; 12.792 ns       ; 1_old[1] ; result1[28] ;
; N/A                                     ; None                                                ; 12.784 ns       ; 1_new[1] ; result1[22] ;
; N/A                                     ; None                                                ; 12.778 ns       ; 1_new[1] ; result2[20] ;
; N/A                                     ; None                                                ; 12.778 ns       ; 2_new[0] ; result2[21] ;
; N/A                                     ; None                                                ; 12.765 ns       ; 2_new[0] ; result1[19] ;
; N/A                                     ; None                                                ; 12.763 ns       ; 2_new[4] ; result1[26] ;
; N/A                                     ; None                                                ; 12.757 ns       ; 2_new[1] ; result2[18] ;
; N/A                                     ; None                                                ; 12.756 ns       ; 2_new[1] ; result2[14] ;
; N/A                                     ; None                                                ; 12.750 ns       ; 1_old[3] ; result1[22] ;
; N/A                                     ; None                                                ; 12.742 ns       ; 1_new[1] ; result2[27] ;
; N/A                                     ; None                                                ; 12.734 ns       ; 1_new[1] ; result2[21] ;
; N/A                                     ; None                                                ; 12.722 ns       ; 1_old[2] ; result1[19] ;
; N/A                                     ; None                                                ; 12.709 ns       ; 2_old[2] ; result2[13] ;
; N/A                                     ; None                                                ; 12.707 ns       ; 2_new[4] ; result1[22] ;
; N/A                                     ; None                                                ; 12.705 ns       ; 2_old[2] ; result2[19] ;
; N/A                                     ; None                                                ; 12.675 ns       ; 1_new[4] ; result1[25] ;
; N/A                                     ; None                                                ; 12.670 ns       ; 2_old[0] ; result2[15] ;
; N/A                                     ; None                                                ; 12.662 ns       ; 1_new[0] ; result1[26] ;
; N/A                                     ; None                                                ; 12.658 ns       ; 2_new[1] ; result1[31] ;
; N/A                                     ; None                                                ; 12.656 ns       ; 1_new[3] ; result1[26] ;
; N/A                                     ; None                                                ; 12.647 ns       ; 2_new[4] ; result2[15] ;
; N/A                                     ; None                                                ; 12.625 ns       ; 1_old[0] ; result1[31] ;
; N/A                                     ; None                                                ; 12.622 ns       ; 2_new[1] ; result2[8]  ;
; N/A                                     ; None                                                ; 12.608 ns       ; 2_old[4] ; result2[13] ;
; N/A                                     ; None                                                ; 12.608 ns       ; 2_new[1] ; result2[30] ;
; N/A                                     ; None                                                ; 12.607 ns       ; 2_old[2] ; result2[20] ;
; N/A                                     ; None                                                ; 12.604 ns       ; 2_old[4] ; result2[19] ;
; N/A                                     ; None                                                ; 12.597 ns       ; 2_new[1] ; result2[9]  ;
; N/A                                     ; None                                                ; 12.591 ns       ; 1_old[4] ; result1[23] ;
; N/A                                     ; None                                                ; 12.585 ns       ; 2_old[2] ; result2[21] ;
; N/A                                     ; None                                                ; 12.584 ns       ; 1_new[1] ; result1[29] ;
; N/A                                     ; None                                                ; 12.581 ns       ; 2_new[1] ; result2[12] ;
; N/A                                     ; None                                                ; 12.581 ns       ; 2_old[1] ; result2[13] ;
; N/A                                     ; None                                                ; 12.580 ns       ; 2_new[0] ; result1[29] ;
; N/A                                     ; None                                                ; 12.577 ns       ; 2_old[1] ; result2[19] ;
; N/A                                     ; None                                                ; 12.576 ns       ; 2_new[1] ; result2[17] ;
; N/A                                     ; None                                                ; 12.574 ns       ; 2_new[0] ; result2[27] ;
; N/A                                     ; None                                                ; 12.568 ns       ; 1_new[4] ; result1[22] ;
; N/A                                     ; None                                                ; 12.567 ns       ; 1_new[1] ; result1[23] ;
; N/A                                     ; None                                                ; 12.564 ns       ; 1_old[4] ; result1[24] ;
; N/A                                     ; None                                                ; 12.558 ns       ; 2_new[2] ; result1[26] ;
; N/A                                     ; None                                                ; 12.552 ns       ; 1_old[4] ; result1[25] ;
; N/A                                     ; None                                                ; 12.551 ns       ; 2_new[0] ; result1[28] ;
; N/A                                     ; None                                                ; 12.537 ns       ; 1_old[2] ; result1[29] ;
; N/A                                     ; None                                                ; 12.532 ns       ; 1_old[3] ; result1[23] ;
; N/A                                     ; None                                                ; 12.531 ns       ; 1_new[1] ; result1[24] ;
; N/A                                     ; None                                                ; 12.523 ns       ; 2_new[0] ; result2[4]  ;
; N/A                                     ; None                                                ; 12.522 ns       ; 2_new[3] ; result1[26] ;
; N/A                                     ; None                                                ; 12.520 ns       ; 1_new[1] ; result2[31] ;
; N/A                                     ; None                                                ; 12.510 ns       ; 1_old[4] ; result1[18] ;
; N/A                                     ; None                                                ; 12.508 ns       ; 1_old[2] ; result1[28] ;
; N/A                                     ; None                                                ; 12.506 ns       ; 2_old[4] ; result2[20] ;
; N/A                                     ; None                                                ; 12.505 ns       ; 1_old[3] ; result1[24] ;
; N/A                                     ; None                                                ; 12.502 ns       ; 2_new[2] ; result1[22] ;
; N/A                                     ; None                                                ; 12.497 ns       ; 1_old[1] ; result1[31] ;
; N/A                                     ; None                                                ; 12.493 ns       ; 1_old[3] ; result1[25] ;
; N/A                                     ; None                                                ; 12.489 ns       ; 2_new[4] ; result1[23] ;
; N/A                                     ; None                                                ; 12.484 ns       ; 2_old[4] ; result2[21] ;
; N/A                                     ; None                                                ; 12.482 ns       ; 1_new[1] ; result1[18] ;
; N/A                                     ; None                                                ; 12.479 ns       ; 2_old[1] ; result2[20] ;
; N/A                                     ; None                                                ; 12.466 ns       ; 2_new[3] ; result1[22] ;
; N/A                                     ; None                                                ; 12.462 ns       ; 2_new[4] ; result1[24] ;
; N/A                                     ; None                                                ; 12.457 ns       ; 2_old[1] ; result2[21] ;
; N/A                                     ; None                                                ; 12.451 ns       ; 1_old[3] ; result1[18] ;
; N/A                                     ; None                                                ; 12.450 ns       ; 2_new[4] ; result1[25] ;
; N/A                                     ; None                                                ; 12.444 ns       ; 2_old[0] ; result2[13] ;
; N/A                                     ; None                                                ; 12.441 ns       ; 1_new[4] ; result2[19] ;
; N/A                                     ; None                                                ; 12.440 ns       ; 2_old[0] ; result2[19] ;
; N/A                                     ; None                                                ; 12.430 ns       ; 2_old[2] ; result2[29] ;
; N/A                                     ; None                                                ; 12.426 ns       ; 2_new[0] ; result2[29] ;
; N/A                                     ; None                                                ; 12.421 ns       ; 2_new[4] ; result2[13] ;
; N/A                                     ; None                                                ; 12.417 ns       ; 2_new[4] ; result2[19] ;
; N/A                                     ; None                                                ; 12.408 ns       ; 2_new[4] ; result1[18] ;
; N/A                                     ; None                                                ; 12.392 ns       ; 2_new[1] ; result2[16] ;
; N/A                                     ; None                                                ; 12.381 ns       ; 2_old[2] ; result2[27] ;
; N/A                                     ; None                                                ; 12.381 ns       ; 2_new[1] ; result1[11] ;
; N/A                                     ; None                                                ; 12.379 ns       ; 2_new[1] ; result1[10] ;
; N/A                                     ; None                                                ; 12.368 ns       ; 1_new[4] ; result1[29] ;
; N/A                                     ; None                                                ; 12.361 ns       ; 2_new[0] ; result2[31] ;
; N/A                                     ; None                                                ; 12.351 ns       ; 1_new[4] ; result1[23] ;
; N/A                                     ; None                                                ; 12.351 ns       ; 1_new[0] ; result1[25] ;
; N/A                                     ; None                                                ; 12.348 ns       ; 1_old[0] ; result1[11] ;
; N/A                                     ; None                                                ; 12.346 ns       ; 1_new[4] ; result2[29] ;
; N/A                                     ; None                                                ; 12.346 ns       ; 1_old[0] ; result1[10] ;
; N/A                                     ; None                                                ; 12.345 ns       ; 1_new[3] ; result1[25] ;
; N/A                                     ; None                                                ; 12.342 ns       ; 2_old[0] ; result2[20] ;
; N/A                                     ; None                                                ; 12.333 ns       ; 1_old[4] ; result1[21] ;
; N/A                                     ; None                                                ; 12.330 ns       ; 2_old[2] ; result2[4]  ;
; N/A                                     ; None                                                ; 12.328 ns       ; 1_new[4] ; result2[20] ;
; N/A                                     ; None                                                ; 12.320 ns       ; 2_old[0] ; result2[21] ;
; N/A                                     ; None                                                ; 12.319 ns       ; 2_new[4] ; result2[20] ;
; N/A                                     ; None                                                ; 12.315 ns       ; 2_new[1] ; result1[6]  ;
; N/A                                     ; None                                                ; 12.315 ns       ; 1_new[4] ; result1[24] ;
; N/A                                     ; None                                                ; 12.313 ns       ; 1_new[1] ; result1[28] ;
; N/A                                     ; None                                                ; 12.311 ns       ; 2_new[1] ; result2[7]  ;
; N/A                                     ; None                                                ; 12.306 ns       ; 1_new[1] ; result1[21] ;
; N/A                                     ; None                                                ; 12.301 ns       ; 2_new[1] ; result1[27] ;
; N/A                                     ; None                                                ; 12.297 ns       ; 2_new[4] ; result2[21] ;
; N/A                                     ; None                                                ; 12.296 ns       ; 2_new[1] ; result2[10] ;
; N/A                                     ; None                                                ; 12.292 ns       ; 1_new[4] ; result2[27] ;
; N/A                                     ; None                                                ; 12.284 ns       ; 1_new[4] ; result2[21] ;
; N/A                                     ; None                                                ; 12.284 ns       ; 2_new[2] ; result1[23] ;
; N/A                                     ; None                                                ; 12.283 ns       ; 2_new[1] ; result2[22] ;
; N/A                                     ; None                                                ; 12.282 ns       ; 1_old[0] ; result1[6]  ;
; N/A                                     ; None                                                ; 12.280 ns       ; 2_old[4] ; result2[27] ;
; N/A                                     ; None                                                ; 12.274 ns       ; 1_old[3] ; result1[21] ;
; N/A                                     ; None                                                ; 12.268 ns       ; 1_old[0] ; result1[27] ;
; N/A                                     ; None                                                ; 12.266 ns       ; 1_new[4] ; result1[18] ;
; N/A                                     ; None                                                ; 12.259 ns       ; 2_new[0] ; result1[31] ;
; N/A                                     ; None                                                ; 12.257 ns       ; 2_new[2] ; result1[24] ;
; N/A                                     ; None                                                ; 12.253 ns       ; 2_old[1] ; result2[27] ;
; N/A                                     ; None                                                ; 12.248 ns       ; 2_new[3] ; result1[23] ;
; N/A                                     ; None                                                ; 12.245 ns       ; 2_new[2] ; result1[25] ;
; N/A                                     ; None                                                ; 12.244 ns       ; 1_new[0] ; result1[22] ;
; N/A                                     ; None                                                ; 12.241 ns       ; 2_new[2] ; result2[15] ;
; N/A                                     ; None                                                ; 12.241 ns       ; 2_old[4] ; result2[29] ;
; N/A                                     ; None                                                ; 12.238 ns       ; 1_new[3] ; result1[22] ;
; N/A                                     ; None                                                ; 12.232 ns       ; 1_new[2] ; result1[26] ;
; N/A                                     ; None                                                ; 12.231 ns       ; 2_new[4] ; result1[21] ;
; N/A                                     ; None                                                ; 12.229 ns       ; 2_old[4] ; result2[4]  ;
; N/A                                     ; None                                                ; 12.221 ns       ; 2_new[3] ; result1[24] ;
; N/A                                     ; None                                                ; 12.216 ns       ; 1_old[2] ; result1[31] ;
; N/A                                     ; None                                                ; 12.209 ns       ; 2_new[3] ; result1[25] ;
; N/A                                     ; None                                                ; 12.203 ns       ; 2_new[2] ; result1[18] ;
; N/A                                     ; None                                                ; 12.202 ns       ; 2_old[1] ; result2[4]  ;
; N/A                                     ; None                                                ; 12.190 ns       ; 1_old[4] ; result1[19] ;
; N/A                                     ; None                                                ; 12.176 ns       ; 1_old[4] ; result1[29] ;
; N/A                                     ; None                                                ; 12.175 ns       ; 1_new[3] ; result2[19] ;
; N/A                                     ; None                                                ; 12.168 ns       ; 2_old[2] ; result2[31] ;
; N/A                                     ; None                                                ; 12.167 ns       ; 2_new[3] ; result1[18] ;
; N/A                                     ; None                                                ; 12.166 ns       ; 1_old[1] ; result1[11] ;
; N/A                                     ; None                                                ; 12.164 ns       ; 1_old[1] ; result1[10] ;
; N/A                                     ; None                                                ; 12.161 ns       ; 1_new[1] ; result1[19] ;
; Timing analysis restricted to 200 rows. ; To change the limit use Settings (Assignments menu) ;                 ;          ;             ;
+-----------------------------------------+-----------------------------------------------------+-----------------+----------+-------------+


+--------------------------+
; Timing Analyzer Messages ;
+--------------------------+
Info: *******************************************************************
Info: Running Quartus II Classic Timing Analyzer
    Info: Version 9.0 Build 132 02/25/2009 SJ Web Edition
    Info: Processing started: Sun Aug 02 21:45:01 2020
Info: Command: quartus_tan --read_settings_files=off --write_settings_files=off CPU -c CPU --timing_analysis_only
Info: Longest tpd from source pin "2_new[1]" to destination pin "result1[26]" is 13.839 ns
    Info: 1: + IC(0.000 ns) + CELL(0.877 ns) = 0.877 ns; Loc. = PIN_A18; Fanout = 2; PIN Node = '2_new[1]'
    Info: 2: + IC(4.852 ns) + CELL(0.378 ns) = 6.107 ns; Loc. = LCCOMB_X5_Y8_N0; Fanout = 1; COMB Node = 'comp_5bit:inst6|lpm_compare:lpm_compare_component|cmpr_cig:auto_generated|result_wire[0]~1'
    Info: 3: + IC(0.202 ns) + CELL(0.053 ns) = 6.362 ns; Loc. = LCCOMB_X5_Y8_N20; Fanout = 32; COMB Node = 'comp_5bit:inst6|lpm_compare:lpm_compare_component|cmpr_cig:auto_generated|result_wire[0]'
    Info: 4: + IC(2.703 ns) + CELL(0.228 ns) = 9.293 ns; Loc. = LCCOMB_X17_Y25_N4; Fanout = 1; COMB Node = 'mux41_32bit:inst|lpm_mux:lpm_mux_component|mux_p5e:auto_generated|l2_w26_n0_mux_dataout~2'
    Info: 5: + IC(2.548 ns) + CELL(1.998 ns) = 13.839 ns; Loc. = PIN_AA12; Fanout = 0; PIN Node = 'result1[26]'
    Info: Total cell delay = 3.534 ns ( 25.54 % )
    Info: Total interconnect delay = 10.305 ns ( 74.46 % )
Info: Quartus II Classic Timing Analyzer was successful. 0 errors, 0 warnings
    Info: Peak virtual memory: 203 megabytes
    Info: Processing ended: Sun Aug 02 21:45:03 2020
    Info: Elapsed time: 00:00:02
    Info: Total CPU time (on all processors): 00:00:02


