Analysis & Synthesis report for MultiplierPolynomial
Tue Aug 04 17:56:04 2020
Quartus II Version 9.0 Build 132 02/25/2009 SJ Web Edition


---------------------
; Table of Contents ;
---------------------
  1. Legal Notice
  2. Analysis & Synthesis Summary
  3. Analysis & Synthesis Settings
  4. Analysis & Synthesis Source Files Read
  5. Analysis & Synthesis Resource Usage Summary
  6. Analysis & Synthesis Resource Utilization by Entity
  7. Analysis & Synthesis DSP Block Usage Summary
  8. Registers Removed During Synthesis
  9. General Register Statistics
 10. Parameter Settings for User Entity Instance: MultiplierPolynomial_altfp_mult_f7j:MultiplierPolynomial_altfp_mult_f7j_component|lpm_add_sub:exp_add_adder
 11. Parameter Settings for User Entity Instance: MultiplierPolynomial_altfp_mult_f7j:MultiplierPolynomial_altfp_mult_f7j_component|lpm_add_sub:exp_adj_adder
 12. Parameter Settings for User Entity Instance: MultiplierPolynomial_altfp_mult_f7j:MultiplierPolynomial_altfp_mult_f7j_component|lpm_add_sub:exp_bias_subtr
 13. Parameter Settings for User Entity Instance: MultiplierPolynomial_altfp_mult_f7j:MultiplierPolynomial_altfp_mult_f7j_component|lpm_add_sub:man_round_adder
 14. Parameter Settings for User Entity Instance: MultiplierPolynomial_altfp_mult_f7j:MultiplierPolynomial_altfp_mult_f7j_component|lpm_mult:man_product2_mult
 15. lpm_mult Parameter Settings by Entity Instance
 16. Analysis & Synthesis Messages



----------------
; Legal Notice ;
----------------
Copyright (C) 1991-2009 Altera Corporation
Your use of Altera Corporation's design tools, logic functions 
and other software and tools, and its AMPP partner logic 
functions, and any output files from any of the foregoing 
(including device programming or simulation files), and any 
associated documentation or information are expressly subject 
to the terms and conditions of the Altera Program License 
Subscription Agreement, Altera MegaCore Function License 
Agreement, or other applicable license agreement, including, 
without limitation, that your use is for the sole purpose of 
programming logic devices manufactured by Altera and sold by 
Altera or its authorized distributors.  Please refer to the 
applicable agreement for further details.



+-------------------------------------------------------------------------+
; Analysis & Synthesis Summary                                            ;
+-------------------------------+-----------------------------------------+
; Analysis & Synthesis Status   ; Successful - Tue Aug 04 17:56:04 2020   ;
; Quartus II Version            ; 9.0 Build 132 02/25/2009 SJ Web Edition ;
; Revision Name                 ; MultiplierPolynomial                    ;
; Top-level Entity Name         ; MultiplierPolynomial                    ;
; Family                        ; Stratix II                              ;
; Logic utilization             ; N/A                                     ;
;     Combinational ALUTs       ; 123                                     ;
;     Dedicated logic registers ; 144                                     ;
; Total registers               ; 144                                     ;
; Total pins                    ; 97                                      ;
; Total virtual pins            ; 0                                       ;
; Total block memory bits       ; 0                                       ;
; DSP block 9-bit elements      ; 8                                       ;
; Total PLLs                    ; 0                                       ;
; Total DLLs                    ; 0                                       ;
+-------------------------------+-----------------------------------------+


+--------------------------------------------------------------------------------------------------------------+
; Analysis & Synthesis Settings                                                                                ;
+----------------------------------------------------------------+----------------------+----------------------+
; Option                                                         ; Setting              ; Default Value        ;
+----------------------------------------------------------------+----------------------+----------------------+
; Top-level entity name                                          ; MultiplierPolynomial ; MultiplierPolynomial ;
; Family name                                                    ; Stratix II           ; Stratix II           ;
; Use Generated Physical Constraints File                        ; Off                  ;                      ;
; Use smart compilation                                          ; Off                  ; Off                  ;
; Restructure Multiplexers                                       ; Auto                 ; Auto                 ;
; Create Debugging Nodes for IP Cores                            ; Off                  ; Off                  ;
; Preserve fewer node names                                      ; On                   ; On                   ;
; Disable OpenCore Plus hardware evaluation                      ; Off                  ; Off                  ;
; Verilog Version                                                ; Verilog_2001         ; Verilog_2001         ;
; VHDL Version                                                   ; VHDL93               ; VHDL93               ;
; State Machine Processing                                       ; Auto                 ; Auto                 ;
; Safe State Machine                                             ; Off                  ; Off                  ;
; Extract Verilog State Machines                                 ; On                   ; On                   ;
; Extract VHDL State Machines                                    ; On                   ; On                   ;
; Ignore Verilog initial constructs                              ; Off                  ; Off                  ;
; Iteration limit for constant Verilog loops                     ; 5000                 ; 5000                 ;
; Iteration limit for non-constant Verilog loops                 ; 250                  ; 250                  ;
; Add Pass-Through Logic to Inferred RAMs                        ; On                   ; On                   ;
; Parallel Synthesis                                             ; Off                  ; Off                  ;
; DSP Block Balancing                                            ; Auto                 ; Auto                 ;
; NOT Gate Push-Back                                             ; On                   ; On                   ;
; Power-Up Don't Care                                            ; On                   ; On                   ;
; Remove Redundant Logic Cells                                   ; Off                  ; Off                  ;
; Remove Duplicate Registers                                     ; On                   ; On                   ;
; Ignore CARRY Buffers                                           ; Off                  ; Off                  ;
; Ignore CASCADE Buffers                                         ; Off                  ; Off                  ;
; Ignore GLOBAL Buffers                                          ; Off                  ; Off                  ;
; Ignore ROW GLOBAL Buffers                                      ; Off                  ; Off                  ;
; Ignore LCELL Buffers                                           ; Off                  ; Off                  ;
; Ignore SOFT Buffers                                            ; On                   ; On                   ;
; Limit AHDL Integers to 32 Bits                                 ; Off                  ; Off                  ;
; Optimization Technique                                         ; Balanced             ; Balanced             ;
; Carry Chain Length                                             ; 70                   ; 70                   ;
; Auto Carry Chains                                              ; On                   ; On                   ;
; Auto Open-Drain Pins                                           ; On                   ; On                   ;
; Perform WYSIWYG Primitive Resynthesis                          ; Off                  ; Off                  ;
; Auto ROM Replacement                                           ; On                   ; On                   ;
; Auto RAM Replacement                                           ; On                   ; On                   ;
; Auto DSP Block Replacement                                     ; On                   ; On                   ;
; Auto Shift Register Replacement                                ; Auto                 ; Auto                 ;
; Auto Clock Enable Replacement                                  ; On                   ; On                   ;
; Strict RAM Replacement                                         ; Off                  ; Off                  ;
; Allow Synchronous Control Signals                              ; On                   ; On                   ;
; Force Use of Synchronous Clear Signals                         ; Off                  ; Off                  ;
; Auto RAM Block Balancing                                       ; On                   ; On                   ;
; Auto RAM to Logic Cell Conversion                              ; Off                  ; Off                  ;
; Auto Resource Sharing                                          ; Off                  ; Off                  ;
; Allow Any RAM Size For Recognition                             ; Off                  ; Off                  ;
; Allow Any ROM Size For Recognition                             ; Off                  ; Off                  ;
; Allow Any Shift Register Size For Recognition                  ; Off                  ; Off                  ;
; Use LogicLock Constraints during Resource Balancing            ; On                   ; On                   ;
; Ignore translate_off and synthesis_off directives              ; Off                  ; Off                  ;
; Timing-Driven Synthesis                                        ; Off                  ; Off                  ;
; Show Parameter Settings Tables in Synthesis Report             ; On                   ; On                   ;
; Ignore Maximum Fan-Out Assignments                             ; Off                  ; Off                  ;
; Synchronization Register Chain Length                          ; 2                    ; 2                    ;
; PowerPlay Power Optimization                                   ; Normal compilation   ; Normal compilation   ;
; HDL message level                                              ; Level2               ; Level2               ;
; Suppress Register Optimization Related Messages                ; Off                  ; Off                  ;
; Number of Removed Registers Reported in Synthesis Report       ; 100                  ; 100                  ;
; Number of Inverted Registers Reported in Synthesis Report      ; 100                  ; 100                  ;
; Clock MUX Protection                                           ; On                   ; On                   ;
; Auto Gated Clock Conversion                                    ; Off                  ; Off                  ;
; Block Design Naming                                            ; Auto                 ; Auto                 ;
; SDC constraint protection                                      ; Off                  ; Off                  ;
; Synthesis Effort                                               ; Auto                 ; Auto                 ;
; Allows Asynchronous Clear Usage For Shift Register Replacement ; On                   ; On                   ;
; Analysis & Synthesis Message Level                             ; Medium               ; Medium               ;
+----------------------------------------------------------------+----------------------+----------------------+


+----------------------------------------------------------------------------------------------------------------------------------------------------------+
; Analysis & Synthesis Source Files Read                                                                                                                   ;
+----------------------------------+-----------------+------------------------------+----------------------------------------------------------------------+
; File Name with User-Entered Path ; Used in Netlist ; File Type                    ; File Name with Absolute Path                                         ;
+----------------------------------+-----------------+------------------------------+----------------------------------------------------------------------+
; db/MultiplierPolynomial.v        ; yes             ; Auto-Generated Megafunction  ; H:/Qaurtus Files/coprocessor/db/MultiplierPolynomial.v               ;
; lpm_add_sub.tdf                  ; yes             ; Megafunction                 ; c:/altera/90/quartus/libraries/megafunctions/lpm_add_sub.tdf         ;
; addcore.inc                      ; yes             ; Megafunction                 ; c:/altera/90/quartus/libraries/megafunctions/addcore.inc             ;
; look_add.inc                     ; yes             ; Megafunction                 ; c:/altera/90/quartus/libraries/megafunctions/look_add.inc            ;
; bypassff.inc                     ; yes             ; Megafunction                 ; c:/altera/90/quartus/libraries/megafunctions/bypassff.inc            ;
; altshift.inc                     ; yes             ; Megafunction                 ; c:/altera/90/quartus/libraries/megafunctions/altshift.inc            ;
; alt_stratix_add_sub.inc          ; yes             ; Megafunction                 ; c:/altera/90/quartus/libraries/megafunctions/alt_stratix_add_sub.inc ;
; alt_mercury_add_sub.inc          ; yes             ; Megafunction                 ; c:/altera/90/quartus/libraries/megafunctions/alt_mercury_add_sub.inc ;
; aglobal90.inc                    ; yes             ; Megafunction                 ; c:/altera/90/quartus/libraries/megafunctions/aglobal90.inc           ;
; db/add_sub_8de.tdf               ; yes             ; Auto-Generated Megafunction  ; H:/Qaurtus Files/coprocessor/db/add_sub_8de.tdf                      ;
; db/add_sub_ioa.tdf               ; yes             ; Auto-Generated Megafunction  ; H:/Qaurtus Files/coprocessor/db/add_sub_ioa.tdf                      ;
; db/add_sub_ghg.tdf               ; yes             ; Auto-Generated Megafunction  ; H:/Qaurtus Files/coprocessor/db/add_sub_ghg.tdf                      ;
; db/add_sub_9qb.tdf               ; yes             ; Auto-Generated Megafunction  ; H:/Qaurtus Files/coprocessor/db/add_sub_9qb.tdf                      ;
; lpm_mult.tdf                     ; yes             ; Megafunction                 ; c:/altera/90/quartus/libraries/megafunctions/lpm_mult.tdf            ;
; lpm_add_sub.inc                  ; yes             ; Megafunction                 ; c:/altera/90/quartus/libraries/megafunctions/lpm_add_sub.inc         ;
; multcore.inc                     ; yes             ; Megafunction                 ; c:/altera/90/quartus/libraries/megafunctions/multcore.inc            ;
; db/mult_lgs.tdf                  ; yes             ; Auto-Generated Megafunction  ; H:/Qaurtus Files/coprocessor/db/mult_lgs.tdf                         ;
+----------------------------------+-----------------+------------------------------+----------------------------------------------------------------------+


+-------------------------------------------------------+
; Analysis & Synthesis Resource Usage Summary           ;
+-----------------------------------------------+-------+
; Resource                                      ; Usage ;
+-----------------------------------------------+-------+
; Estimated ALUTs Used                          ; 123   ;
; Dedicated logic registers                     ; 144   ;
;                                               ;       ;
; Estimated ALUTs Unavailable                   ; 5     ;
;                                               ;       ;
; Total combinational functions                 ; 123   ;
; Combinational ALUT usage by number of inputs  ;       ;
;     -- 7 input functions                      ; 0     ;
;     -- 6 input functions                      ; 6     ;
;     -- 5 input functions                      ; 41    ;
;     -- 4 input functions                      ; 18    ;
;     -- <=3 input functions                    ; 58    ;
;                                               ;       ;
; Combinational ALUTs by mode                   ;       ;
;     -- normal mode                            ; 70    ;
;     -- extended LUT mode                      ; 0     ;
;     -- arithmetic mode                        ; 53    ;
;     -- shared arithmetic mode                 ; 0     ;
;                                               ;       ;
; Estimated ALUT/register pairs used            ; 178   ;
;                                               ;       ;
; Total registers                               ; 144   ;
;     -- Dedicated logic registers              ; 144   ;
;     -- I/O registers                          ; 0     ;
;                                               ;       ;
; Estimated ALMs:  partially or completely used ; 91    ;
;                                               ;       ;
; I/O pins                                      ; 97    ;
; DSP block 9-bit elements                      ; 8     ;
; Maximum fan-out node                          ; clock ;
; Maximum fan-out                               ; 148   ;
; Total fan-out                                 ; 839   ;
; Average fan-out                               ; 2.27  ;
+-----------------------------------------------+-------+


+------------------------------------------------------------------------------------------------------------------------------------------------------------------------------------------------------------------------------------------------------------------------------------------------------------------------------------------------------------------------------------------------------+
; Analysis & Synthesis Resource Utilization by Entity                                                                                                                                                                                                                                                                                                                                                  ;
+----------------------------------------------------------------------------------------+-------------------+--------------+-------------------+--------------+---------+-----------+-----------+------+--------------+----------------------------------------------------------------------------------------------------------------------------------------------------------------+--------------+
; Compilation Hierarchy Node                                                             ; LC Combinationals ; LC Registers ; Block Memory Bits ; DSP Elements ; DSP 9x9 ; DSP 18x18 ; DSP 36x36 ; Pins ; Virtual Pins ; Full Hierarchy Name                                                                                                                                            ; Library Name ;
+----------------------------------------------------------------------------------------+-------------------+--------------+-------------------+--------------+---------+-----------+-----------+------+--------------+----------------------------------------------------------------------------------------------------------------------------------------------------------------+--------------+
; |MultiplierPolynomial                                                                  ; 123 (0)           ; 144 (0)      ; 0                 ; 8            ; 0       ; 0         ; 1         ; 97   ; 0            ; |MultiplierPolynomial                                                                                                                                          ; work         ;
;    |MultiplierPolynomial_altfp_mult_f7j:MultiplierPolynomial_altfp_mult_f7j_component| ; 123 (70)          ; 144 (135)    ; 0                 ; 8            ; 0       ; 0         ; 1         ; 0    ; 0            ; |MultiplierPolynomial|MultiplierPolynomial_altfp_mult_f7j:MultiplierPolynomial_altfp_mult_f7j_component                                                        ; work         ;
;       |lpm_add_sub:exp_add_adder|                                                      ; 9 (0)             ; 9 (0)        ; 0                 ; 0            ; 0       ; 0         ; 0         ; 0    ; 0            ; |MultiplierPolynomial|MultiplierPolynomial_altfp_mult_f7j:MultiplierPolynomial_altfp_mult_f7j_component|lpm_add_sub:exp_add_adder                              ; work         ;
;          |add_sub_8de:auto_generated|                                                  ; 9 (9)             ; 9 (9)        ; 0                 ; 0            ; 0       ; 0         ; 0         ; 0    ; 0            ; |MultiplierPolynomial|MultiplierPolynomial_altfp_mult_f7j:MultiplierPolynomial_altfp_mult_f7j_component|lpm_add_sub:exp_add_adder|add_sub_8de:auto_generated   ; work         ;
;       |lpm_add_sub:exp_adj_adder|                                                      ; 10 (0)            ; 0 (0)        ; 0                 ; 0            ; 0       ; 0         ; 0         ; 0    ; 0            ; |MultiplierPolynomial|MultiplierPolynomial_altfp_mult_f7j:MultiplierPolynomial_altfp_mult_f7j_component|lpm_add_sub:exp_adj_adder                              ; work         ;
;          |add_sub_ioa:auto_generated|                                                  ; 10 (10)           ; 0 (0)        ; 0                 ; 0            ; 0       ; 0         ; 0         ; 0    ; 0            ; |MultiplierPolynomial|MultiplierPolynomial_altfp_mult_f7j:MultiplierPolynomial_altfp_mult_f7j_component|lpm_add_sub:exp_adj_adder|add_sub_ioa:auto_generated   ; work         ;
;       |lpm_add_sub:exp_bias_subtr|                                                     ; 9 (0)             ; 0 (0)        ; 0                 ; 0            ; 0       ; 0         ; 0         ; 0    ; 0            ; |MultiplierPolynomial|MultiplierPolynomial_altfp_mult_f7j:MultiplierPolynomial_altfp_mult_f7j_component|lpm_add_sub:exp_bias_subtr                             ; work         ;
;          |add_sub_ghg:auto_generated|                                                  ; 9 (9)             ; 0 (0)        ; 0                 ; 0            ; 0       ; 0         ; 0         ; 0    ; 0            ; |MultiplierPolynomial|MultiplierPolynomial_altfp_mult_f7j:MultiplierPolynomial_altfp_mult_f7j_component|lpm_add_sub:exp_bias_subtr|add_sub_ghg:auto_generated  ; work         ;
;       |lpm_add_sub:man_round_adder|                                                    ; 25 (0)            ; 0 (0)        ; 0                 ; 0            ; 0       ; 0         ; 0         ; 0    ; 0            ; |MultiplierPolynomial|MultiplierPolynomial_altfp_mult_f7j:MultiplierPolynomial_altfp_mult_f7j_component|lpm_add_sub:man_round_adder                            ; work         ;
;          |add_sub_9qb:auto_generated|                                                  ; 25 (25)           ; 0 (0)        ; 0                 ; 0            ; 0       ; 0         ; 0         ; 0    ; 0            ; |MultiplierPolynomial|MultiplierPolynomial_altfp_mult_f7j:MultiplierPolynomial_altfp_mult_f7j_component|lpm_add_sub:man_round_adder|add_sub_9qb:auto_generated ; work         ;
;       |lpm_mult:man_product2_mult|                                                     ; 0 (0)             ; 0 (0)        ; 0                 ; 8            ; 0       ; 0         ; 1         ; 0    ; 0            ; |MultiplierPolynomial|MultiplierPolynomial_altfp_mult_f7j:MultiplierPolynomial_altfp_mult_f7j_component|lpm_mult:man_product2_mult                             ; work         ;
;          |mult_lgs:auto_generated|                                                     ; 0 (0)             ; 0 (0)        ; 0                 ; 8            ; 0       ; 0         ; 1         ; 0    ; 0            ; |MultiplierPolynomial|MultiplierPolynomial_altfp_mult_f7j:MultiplierPolynomial_altfp_mult_f7j_component|lpm_mult:man_product2_mult|mult_lgs:auto_generated     ; work         ;
+----------------------------------------------------------------------------------------+-------------------+--------------+-------------------+--------------+---------+-----------+-----------+------+--------------+----------------------------------------------------------------------------------------------------------------------------------------------------------------+--------------+
Note: For table entries with two numbers listed, the numbers in parentheses indicate the number of resources of the given type used by the specific entity alone. The numbers listed outside of parentheses indicate the total resources of the given type used by the specific entity and all of its sub-entities in the hierarchy.


+------------------------------------------------+
; Analysis & Synthesis DSP Block Usage Summary   ;
+----------------------------------+-------------+
; Statistic                        ; Number Used ;
+----------------------------------+-------------+
; Simple Multipliers (9-bit)       ; 0           ;
; Simple Multipliers (18-bit)      ; 0           ;
; Simple Multipliers (36-bit)      ; 1           ;
; Multiply Accumulators (18-bit)   ; 0           ;
; Two-Multipliers Adders (9-bit)   ; 0           ;
; Two-Multipliers Adders (18-bit)  ; 0           ;
; Four-Multipliers Adders (9-bit)  ; 0           ;
; Four-Multipliers Adders (18-bit) ; 0           ;
; Dynamic DSP Blocks               ; 0           ;
; DSP Blocks                       ; --          ;
; DSP Block 9-bit Elements         ; 8           ;
; Signed Multipliers               ; 0           ;
; Unsigned Multipliers             ; 1           ;
; Mixed Sign Multipliers           ; 0           ;
; Variable Sign Multipliers        ; 0           ;
; Dedicated Shift Register Chains  ; 0           ;
+----------------------------------+-------------+
Note: number of DSP Blocks used is only available after a successful fit.


+-----------------------------------------------------------------------------------------------------------------------------------------------------------------------------------------------------------+
; Registers Removed During Synthesis                                                                                                                                                                        ;
+--------------------------------------------------------------------------------------------------+--------------------------------------------------------------------------------------------------------+
; Register name                                                                                    ; Reason for Removal                                                                                     ;
+--------------------------------------------------------------------------------------------------+--------------------------------------------------------------------------------------------------------+
; MultiplierPolynomial_altfp_mult_f7j:MultiplierPolynomial_altfp_mult_f7j_component|man_round_p[0] ; Merged with MultiplierPolynomial_altfp_mult_f7j:MultiplierPolynomial_altfp_mult_f7j_component|lsb_dffe ;
; Total Number of Removed Registers = 1                                                            ;                                                                                                        ;
+--------------------------------------------------------------------------------------------------+--------------------------------------------------------------------------------------------------------+


+------------------------------------------------------+
; General Register Statistics                          ;
+----------------------------------------------+-------+
; Statistic                                    ; Value ;
+----------------------------------------------+-------+
; Total registers                              ; 144   ;
; Number of registers using Synchronous Clear  ; 0     ;
; Number of registers using Synchronous Load   ; 24    ;
; Number of registers using Asynchronous Clear ; 0     ;
; Number of registers using Asynchronous Load  ; 0     ;
; Number of registers using Clock Enable       ; 0     ;
; Number of registers using Preset             ; 0     ;
+----------------------------------------------+-------+


+----------------------------------------------------------------------------------------------------------------------------------------------------------+
; Parameter Settings for User Entity Instance: MultiplierPolynomial_altfp_mult_f7j:MultiplierPolynomial_altfp_mult_f7j_component|lpm_add_sub:exp_add_adder ;
+------------------------+-------------+-------------------------------------------------------------------------------------------------------------------+
; Parameter Name         ; Value       ; Type                                                                                                              ;
+------------------------+-------------+-------------------------------------------------------------------------------------------------------------------+
; LPM_WIDTH              ; 9           ; Signed Integer                                                                                                    ;
; LPM_REPRESENTATION     ; SIGNED      ; Untyped                                                                                                           ;
; LPM_DIRECTION          ; DEFAULT     ; Untyped                                                                                                           ;
; ONE_INPUT_IS_CONSTANT  ; NO          ; Untyped                                                                                                           ;
; LPM_PIPELINE           ; 1           ; Signed Integer                                                                                                    ;
; MAXIMIZE_SPEED         ; 5           ; Untyped                                                                                                           ;
; REGISTERED_AT_END      ; 0           ; Untyped                                                                                                           ;
; OPTIMIZE_FOR_SPEED     ; 5           ; Untyped                                                                                                           ;
; USE_CS_BUFFERS         ; 1           ; Untyped                                                                                                           ;
; CARRY_CHAIN            ; MANUAL      ; Untyped                                                                                                           ;
; CARRY_CHAIN_LENGTH     ; 48          ; CARRY_CHAIN_LENGTH                                                                                                ;
; DEVICE_FAMILY          ; Stratix II  ; Untyped                                                                                                           ;
; USE_WYS                ; OFF         ; Untyped                                                                                                           ;
; STYLE                  ; FAST        ; Untyped                                                                                                           ;
; CBXI_PARAMETER         ; add_sub_8de ; Untyped                                                                                                           ;
; AUTO_CARRY_CHAINS      ; ON          ; AUTO_CARRY                                                                                                        ;
; IGNORE_CARRY_BUFFERS   ; OFF         ; IGNORE_CARRY                                                                                                      ;
; AUTO_CASCADE_CHAINS    ; ON          ; AUTO_CASCADE                                                                                                      ;
; IGNORE_CASCADE_BUFFERS ; OFF         ; IGNORE_CASCADE                                                                                                    ;
+------------------------+-------------+-------------------------------------------------------------------------------------------------------------------+
Note: In order to hide this table in the UI and the text report file, please set the "Show Parameter Settings Tables in Synthesis Report" option in "Analysis and Synthesis Settings -> More Settings" to "Off".


+----------------------------------------------------------------------------------------------------------------------------------------------------------+
; Parameter Settings for User Entity Instance: MultiplierPolynomial_altfp_mult_f7j:MultiplierPolynomial_altfp_mult_f7j_component|lpm_add_sub:exp_adj_adder ;
+------------------------+-------------+-------------------------------------------------------------------------------------------------------------------+
; Parameter Name         ; Value       ; Type                                                                                                              ;
+------------------------+-------------+-------------------------------------------------------------------------------------------------------------------+
; LPM_WIDTH              ; 10          ; Signed Integer                                                                                                    ;
; LPM_REPRESENTATION     ; SIGNED      ; Untyped                                                                                                           ;
; LPM_DIRECTION          ; DEFAULT     ; Untyped                                                                                                           ;
; ONE_INPUT_IS_CONSTANT  ; NO          ; Untyped                                                                                                           ;
; LPM_PIPELINE           ; 0           ; Untyped                                                                                                           ;
; MAXIMIZE_SPEED         ; 5           ; Untyped                                                                                                           ;
; REGISTERED_AT_END      ; 0           ; Untyped                                                                                                           ;
; OPTIMIZE_FOR_SPEED     ; 5           ; Untyped                                                                                                           ;
; USE_CS_BUFFERS         ; 1           ; Untyped                                                                                                           ;
; CARRY_CHAIN            ; MANUAL      ; Untyped                                                                                                           ;
; CARRY_CHAIN_LENGTH     ; 48          ; CARRY_CHAIN_LENGTH                                                                                                ;
; DEVICE_FAMILY          ; Stratix II  ; Untyped                                                                                                           ;
; USE_WYS                ; OFF         ; Untyped                                                                                                           ;
; STYLE                  ; FAST        ; Untyped                                                                                                           ;
; CBXI_PARAMETER         ; add_sub_ioa ; Untyped                                                                                                           ;
; AUTO_CARRY_CHAINS      ; ON          ; AUTO_CARRY                                                                                                        ;
; IGNORE_CARRY_BUFFERS   ; OFF         ; IGNORE_CARRY                                                                                                      ;
; AUTO_CASCADE_CHAINS    ; ON          ; AUTO_CASCADE                                                                                                      ;
; IGNORE_CASCADE_BUFFERS ; OFF         ; IGNORE_CASCADE                                                                                                    ;
+------------------------+-------------+-------------------------------------------------------------------------------------------------------------------+
Note: In order to hide this table in the UI and the text report file, please set the "Show Parameter Settings Tables in Synthesis Report" option in "Analysis and Synthesis Settings -> More Settings" to "Off".


+-----------------------------------------------------------------------------------------------------------------------------------------------------------+
; Parameter Settings for User Entity Instance: MultiplierPolynomial_altfp_mult_f7j:MultiplierPolynomial_altfp_mult_f7j_component|lpm_add_sub:exp_bias_subtr ;
+------------------------+-------------+--------------------------------------------------------------------------------------------------------------------+
; Parameter Name         ; Value       ; Type                                                                                                               ;
+------------------------+-------------+--------------------------------------------------------------------------------------------------------------------+
; LPM_WIDTH              ; 10          ; Signed Integer                                                                                                     ;
; LPM_REPRESENTATION     ; UNSIGNED    ; Untyped                                                                                                            ;
; LPM_DIRECTION          ; SUB         ; Untyped                                                                                                            ;
; ONE_INPUT_IS_CONSTANT  ; NO          ; Untyped                                                                                                            ;
; LPM_PIPELINE           ; 0           ; Signed Integer                                                                                                     ;
; MAXIMIZE_SPEED         ; 5           ; Untyped                                                                                                            ;
; REGISTERED_AT_END      ; 0           ; Untyped                                                                                                            ;
; OPTIMIZE_FOR_SPEED     ; 5           ; Untyped                                                                                                            ;
; USE_CS_BUFFERS         ; 1           ; Untyped                                                                                                            ;
; CARRY_CHAIN            ; MANUAL      ; Untyped                                                                                                            ;
; CARRY_CHAIN_LENGTH     ; 48          ; CARRY_CHAIN_LENGTH                                                                                                 ;
; DEVICE_FAMILY          ; Stratix II  ; Untyped                                                                                                            ;
; USE_WYS                ; OFF         ; Untyped                                                                                                            ;
; STYLE                  ; FAST        ; Untyped                                                                                                            ;
; CBXI_PARAMETER         ; add_sub_ghg ; Untyped                                                                                                            ;
; AUTO_CARRY_CHAINS      ; ON          ; AUTO_CARRY                                                                                                         ;
; IGNORE_CARRY_BUFFERS   ; OFF         ; IGNORE_CARRY                                                                                                       ;
; AUTO_CASCADE_CHAINS    ; ON          ; AUTO_CASCADE                                                                                                       ;
; IGNORE_CASCADE_BUFFERS ; OFF         ; IGNORE_CASCADE                                                                                                     ;
+------------------------+-------------+--------------------------------------------------------------------------------------------------------------------+
Note: In order to hide this table in the UI and the text report file, please set the "Show Parameter Settings Tables in Synthesis Report" option in "Analysis and Synthesis Settings -> More Settings" to "Off".


+------------------------------------------------------------------------------------------------------------------------------------------------------------+
; Parameter Settings for User Entity Instance: MultiplierPolynomial_altfp_mult_f7j:MultiplierPolynomial_altfp_mult_f7j_component|lpm_add_sub:man_round_adder ;
+------------------------+-------------+---------------------------------------------------------------------------------------------------------------------+
; Parameter Name         ; Value       ; Type                                                                                                                ;
+------------------------+-------------+---------------------------------------------------------------------------------------------------------------------+
; LPM_WIDTH              ; 25          ; Signed Integer                                                                                                      ;
; LPM_REPRESENTATION     ; SIGNED      ; Untyped                                                                                                             ;
; LPM_DIRECTION          ; DEFAULT     ; Untyped                                                                                                             ;
; ONE_INPUT_IS_CONSTANT  ; NO          ; Untyped                                                                                                             ;
; LPM_PIPELINE           ; 0           ; Signed Integer                                                                                                      ;
; MAXIMIZE_SPEED         ; 5           ; Untyped                                                                                                             ;
; REGISTERED_AT_END      ; 0           ; Untyped                                                                                                             ;
; OPTIMIZE_FOR_SPEED     ; 5           ; Untyped                                                                                                             ;
; USE_CS_BUFFERS         ; 1           ; Untyped                                                                                                             ;
; CARRY_CHAIN            ; MANUAL      ; Untyped                                                                                                             ;
; CARRY_CHAIN_LENGTH     ; 48          ; CARRY_CHAIN_LENGTH                                                                                                  ;
; DEVICE_FAMILY          ; Stratix II  ; Untyped                                                                                                             ;
; USE_WYS                ; OFF         ; Untyped                                                                                                             ;
; STYLE                  ; FAST        ; Untyped                                                                                                             ;
; CBXI_PARAMETER         ; add_sub_9qb ; Untyped                                                                                                             ;
; AUTO_CARRY_CHAINS      ; ON          ; AUTO_CARRY                                                                                                          ;
; IGNORE_CARRY_BUFFERS   ; OFF         ; IGNORE_CARRY                                                                                                        ;
; AUTO_CASCADE_CHAINS    ; ON          ; AUTO_CASCADE                                                                                                        ;
; IGNORE_CASCADE_BUFFERS ; OFF         ; IGNORE_CASCADE                                                                                                      ;
+------------------------+-------------+---------------------------------------------------------------------------------------------------------------------+
Note: In order to hide this table in the UI and the text report file, please set the "Show Parameter Settings Tables in Synthesis Report" option in "Analysis and Synthesis Settings -> More Settings" to "Off".


+-----------------------------------------------------------------------------------------------------------------------------------------------------------+
; Parameter Settings for User Entity Instance: MultiplierPolynomial_altfp_mult_f7j:MultiplierPolynomial_altfp_mult_f7j_component|lpm_mult:man_product2_mult ;
+------------------------------------------------+------------+---------------------------------------------------------------------------------------------+
; Parameter Name                                 ; Value      ; Type                                                                                        ;
+------------------------------------------------+------------+---------------------------------------------------------------------------------------------+
; AUTO_CARRY_CHAINS                              ; ON         ; AUTO_CARRY                                                                                  ;
; IGNORE_CARRY_BUFFERS                           ; OFF        ; IGNORE_CARRY                                                                                ;
; AUTO_CASCADE_CHAINS                            ; ON         ; AUTO_CASCADE                                                                                ;
; IGNORE_CASCADE_BUFFERS                         ; OFF        ; IGNORE_CASCADE                                                                              ;
; LPM_WIDTHA                                     ; 24         ; Signed Integer                                                                              ;
; LPM_WIDTHB                                     ; 24         ; Signed Integer                                                                              ;
; LPM_WIDTHP                                     ; 48         ; Signed Integer                                                                              ;
; LPM_WIDTHR                                     ; 0          ; Untyped                                                                                     ;
; LPM_WIDTHS                                     ; 1          ; Signed Integer                                                                              ;
; LPM_REPRESENTATION                             ; UNSIGNED   ; Untyped                                                                                     ;
; LPM_PIPELINE                                   ; 2          ; Signed Integer                                                                              ;
; LATENCY                                        ; 0          ; Untyped                                                                                     ;
; INPUT_A_IS_CONSTANT                            ; NO         ; Untyped                                                                                     ;
; INPUT_B_IS_CONSTANT                            ; NO         ; Untyped                                                                                     ;
; USE_EAB                                        ; OFF        ; Untyped                                                                                     ;
; MAXIMIZE_SPEED                                 ; 5          ; Untyped                                                                                     ;
; DEVICE_FAMILY                                  ; Stratix II ; Untyped                                                                                     ;
; CARRY_CHAIN                                    ; MANUAL     ; Untyped                                                                                     ;
; APEX20K_TECHNOLOGY_MAPPER                      ; LUT        ; TECH_MAPPER_APEX20K                                                                         ;
; DEDICATED_MULTIPLIER_CIRCUITRY                 ; YES        ; Untyped                                                                                     ;
; DEDICATED_MULTIPLIER_MIN_INPUT_WIDTH_FOR_AUTO  ; 0          ; Untyped                                                                                     ;
; DEDICATED_MULTIPLIER_MIN_OUTPUT_WIDTH_FOR_AUTO ; 0          ; Untyped                                                                                     ;
; CBXI_PARAMETER                                 ; mult_lgs   ; Untyped                                                                                     ;
; INPUT_A_FIXED_VALUE                            ; Bx         ; Untyped                                                                                     ;
; INPUT_B_FIXED_VALUE                            ; Bx         ; Untyped                                                                                     ;
; USE_AHDL_IMPLEMENTATION                        ; OFF        ; Untyped                                                                                     ;
+------------------------------------------------+------------+---------------------------------------------------------------------------------------------+
Note: In order to hide this table in the UI and the text report file, please set the "Show Parameter Settings Tables in Synthesis Report" option in "Analysis and Synthesis Settings -> More Settings" to "Off".


+------------------------------------------------------------------------------------------------------------------------------------------------------+
; lpm_mult Parameter Settings by Entity Instance                                                                                                       ;
+---------------------------------------+--------------------------------------------------------------------------------------------------------------+
; Name                                  ; Value                                                                                                        ;
+---------------------------------------+--------------------------------------------------------------------------------------------------------------+
; Number of entity instances            ; 1                                                                                                            ;
; Entity Instance                       ; MultiplierPolynomial_altfp_mult_f7j:MultiplierPolynomial_altfp_mult_f7j_component|lpm_mult:man_product2_mult ;
;     -- LPM_WIDTHA                     ; 24                                                                                                           ;
;     -- LPM_WIDTHB                     ; 24                                                                                                           ;
;     -- LPM_WIDTHP                     ; 48                                                                                                           ;
;     -- LPM_REPRESENTATION             ; UNSIGNED                                                                                                     ;
;     -- INPUT_A_IS_CONSTANT            ; NO                                                                                                           ;
;     -- INPUT_B_IS_CONSTANT            ; NO                                                                                                           ;
;     -- USE_EAB                        ; OFF                                                                                                          ;
;     -- DEDICATED_MULTIPLIER_CIRCUITRY ; YES                                                                                                          ;
;     -- INPUT_A_FIXED_VALUE            ; Bx                                                                                                           ;
;     -- INPUT_B_FIXED_VALUE            ; Bx                                                                                                           ;
+---------------------------------------+--------------------------------------------------------------------------------------------------------------+


+-------------------------------+
; Analysis & Synthesis Messages ;
+-------------------------------+
Info: *******************************************************************
Info: Running Quartus II Analysis & Synthesis
    Info: Version 9.0 Build 132 02/25/2009 SJ Web Edition
    Info: Processing started: Tue Aug 04 17:56:01 2020
Info: Command: quartus_map --read_settings_files=on --write_settings_files=off MultiplierPolynomial -c MultiplierPolynomial
Warning: Can't analyze file -- file H:/Qaurtus Files/coprocessor/MultiplierPolynomial.bdf is missing
Info: Found 1 design units, including 1 entities, in source file MultiplierPolynomial(multi).bdf
    Info: Found entity 1: MultiplierPolynomial(multi)
Info: Found 1 design units, including 1 entities, in source file f.v
    Info: Found entity 1: f
Info: Found 2 design units, including 1 entities, in source file shift.vhd
    Info: Found design unit 1: shift-SYN
    Info: Found entity 1: shift
Info: Found 2 design units, including 1 entities, in source file adder.vhd
    Info: Found design unit 1: adder-SYN
    Info: Found entity 1: adder
Warning: Clear box output file H:/Qaurtus Files/coprocessor/MultiplierPolynomial.v is not compatible with the current compile. Used regenerated output file H:/Qaurtus Files/coprocessor/db/MultiplierPolynomial.v for elaboration
Info: Found 2 design units, including 2 entities, in source file db/MultiplierPolynomial.v
    Info: Found entity 1: MultiplierPolynomial_altfp_mult_f7j
    Info: Found entity 2: MultiplierPolynomial
Info: Elaborating entity "MultiplierPolynomial" for the top level hierarchy
Info: Elaborating entity "MultiplierPolynomial_altfp_mult_f7j" for hierarchy "MultiplierPolynomial_altfp_mult_f7j:MultiplierPolynomial_altfp_mult_f7j_component"
Info: Elaborating entity "lpm_add_sub" for hierarchy "MultiplierPolynomial_altfp_mult_f7j:MultiplierPolynomial_altfp_mult_f7j_component|lpm_add_sub:exp_add_adder"
Info: Elaborated megafunction instantiation "MultiplierPolynomial_altfp_mult_f7j:MultiplierPolynomial_altfp_mult_f7j_component|lpm_add_sub:exp_add_adder"
Info: Instantiated megafunction "MultiplierPolynomial_altfp_mult_f7j:MultiplierPolynomial_altfp_mult_f7j_component|lpm_add_sub:exp_add_adder" with the following parameter:
    Info: Parameter "lpm_pipeline" = "1"
    Info: Parameter "lpm_width" = "9"
    Info: Parameter "lpm_type" = "lpm_add_sub"
    Info: Parameter "lpm_hint" = "CARRY_CHAIN=MANUAL"
Info: Found 1 design units, including 1 entities, in source file db/add_sub_8de.tdf
    Info: Found entity 1: add_sub_8de
Info: Elaborating entity "add_sub_8de" for hierarchy "MultiplierPolynomial_altfp_mult_f7j:MultiplierPolynomial_altfp_mult_f7j_component|lpm_add_sub:exp_add_adder|add_sub_8de:auto_generated"
Warning: Variable or input pin "aclr" is defined but never used
Warning: Variable or input pin "clken" is defined but never used
Info: Elaborating entity "lpm_add_sub" for hierarchy "MultiplierPolynomial_altfp_mult_f7j:MultiplierPolynomial_altfp_mult_f7j_component|lpm_add_sub:exp_adj_adder"
Info: Elaborated megafunction instantiation "MultiplierPolynomial_altfp_mult_f7j:MultiplierPolynomial_altfp_mult_f7j_component|lpm_add_sub:exp_adj_adder"
Info: Instantiated megafunction "MultiplierPolynomial_altfp_mult_f7j:MultiplierPolynomial_altfp_mult_f7j_component|lpm_add_sub:exp_adj_adder" with the following parameter:
    Info: Parameter "lpm_width" = "10"
    Info: Parameter "lpm_type" = "lpm_add_sub"
    Info: Parameter "lpm_hint" = "CARRY_CHAIN=MANUAL"
Info: Found 1 design units, including 1 entities, in source file db/add_sub_ioa.tdf
    Info: Found entity 1: add_sub_ioa
Info: Elaborating entity "add_sub_ioa" for hierarchy "MultiplierPolynomial_altfp_mult_f7j:MultiplierPolynomial_altfp_mult_f7j_component|lpm_add_sub:exp_adj_adder|add_sub_ioa:auto_generated"
Info: Elaborating entity "lpm_add_sub" for hierarchy "MultiplierPolynomial_altfp_mult_f7j:MultiplierPolynomial_altfp_mult_f7j_component|lpm_add_sub:exp_bias_subtr"
Info: Elaborated megafunction instantiation "MultiplierPolynomial_altfp_mult_f7j:MultiplierPolynomial_altfp_mult_f7j_component|lpm_add_sub:exp_bias_subtr"
Info: Instantiated megafunction "MultiplierPolynomial_altfp_mult_f7j:MultiplierPolynomial_altfp_mult_f7j_component|lpm_add_sub:exp_bias_subtr" with the following parameter:
    Info: Parameter "lpm_direction" = "SUB"
    Info: Parameter "lpm_pipeline" = "0"
    Info: Parameter "lpm_representation" = "UNSIGNED"
    Info: Parameter "lpm_width" = "10"
    Info: Parameter "lpm_type" = "lpm_add_sub"
    Info: Parameter "lpm_hint" = "CARRY_CHAIN=MANUAL"
Info: Found 1 design units, including 1 entities, in source file db/add_sub_ghg.tdf
    Info: Found entity 1: add_sub_ghg
Info: Elaborating entity "add_sub_ghg" for hierarchy "MultiplierPolynomial_altfp_mult_f7j:MultiplierPolynomial_altfp_mult_f7j_component|lpm_add_sub:exp_bias_subtr|add_sub_ghg:auto_generated"
Info: Elaborating entity "lpm_add_sub" for hierarchy "MultiplierPolynomial_altfp_mult_f7j:MultiplierPolynomial_altfp_mult_f7j_component|lpm_add_sub:man_round_adder"
Info: Elaborated megafunction instantiation "MultiplierPolynomial_altfp_mult_f7j:MultiplierPolynomial_altfp_mult_f7j_component|lpm_add_sub:man_round_adder"
Info: Instantiated megafunction "MultiplierPolynomial_altfp_mult_f7j:MultiplierPolynomial_altfp_mult_f7j_component|lpm_add_sub:man_round_adder" with the following parameter:
    Info: Parameter "lpm_pipeline" = "0"
    Info: Parameter "lpm_width" = "25"
    Info: Parameter "lpm_type" = "lpm_add_sub"
    Info: Parameter "lpm_hint" = "CARRY_CHAIN=MANUAL"
Info: Found 1 design units, including 1 entities, in source file db/add_sub_9qb.tdf
    Info: Found entity 1: add_sub_9qb
Info: Elaborating entity "add_sub_9qb" for hierarchy "MultiplierPolynomial_altfp_mult_f7j:MultiplierPolynomial_altfp_mult_f7j_component|lpm_add_sub:man_round_adder|add_sub_9qb:auto_generated"
Info: Elaborating entity "lpm_mult" for hierarchy "MultiplierPolynomial_altfp_mult_f7j:MultiplierPolynomial_altfp_mult_f7j_component|lpm_mult:man_product2_mult"
Info: Elaborated megafunction instantiation "MultiplierPolynomial_altfp_mult_f7j:MultiplierPolynomial_altfp_mult_f7j_component|lpm_mult:man_product2_mult"
Info: Instantiated megafunction "MultiplierPolynomial_altfp_mult_f7j:MultiplierPolynomial_altfp_mult_f7j_component|lpm_mult:man_product2_mult" with the following parameter:
    Info: Parameter "lpm_pipeline" = "2"
    Info: Parameter "lpm_representation" = "UNSIGNED"
    Info: Parameter "lpm_widtha" = "24"
    Info: Parameter "lpm_widthb" = "24"
    Info: Parameter "lpm_widthp" = "48"
    Info: Parameter "lpm_widths" = "1"
    Info: Parameter "lpm_type" = "lpm_mult"
    Info: Parameter "lpm_hint" = "DEDICATED_MULTIPLIER_CIRCUITRY=YES"
Info: Found 1 design units, including 1 entities, in source file db/mult_lgs.tdf
    Info: Found entity 1: mult_lgs
Info: Elaborating entity "mult_lgs" for hierarchy "MultiplierPolynomial_altfp_mult_f7j:MultiplierPolynomial_altfp_mult_f7j_component|lpm_mult:man_product2_mult|mult_lgs:auto_generated"
Info: Implemented 283 device resources after synthesis - the final resource count might be different
    Info: Implemented 65 input pins
    Info: Implemented 32 output pins
    Info: Implemented 178 logic cells
    Info: Implemented 8 DSP elements
Info: Quartus II Analysis & Synthesis was successful. 0 errors, 4 warnings
    Info: Peak virtual memory: 253 megabytes
    Info: Processing ended: Tue Aug 04 17:56:05 2020
    Info: Elapsed time: 00:00:04
    Info: Total CPU time (on all processors): 00:00:02


